<?xml version="1.0" encoding="UTF-8"?>
<!-- Generated by org.testng.reporters.JUnitXMLReporter -->
<testsuite ignored="3" hostname="DESKTOP-4K2IFQ7" failures="0" tests="1" name="Default test" time="3.619" errors="0" timestamp="2024-02-03T07:18:49 IST">
  <testcase classname="GETAPIs.GETAPIRequestWithBDD" name="getProductDataAPI_With_Extract_Body_withArray" time="3.568"/>
  <testcase classname="GETAPIs.GETAPIRequestWithBDD" name="getProductDataAPI_With_Extract_Body" time="0.0">
    <ignored/>
  </testcase> <!-- getProductDataAPI_With_Extract_Body -->
  <testcase classname="GETAPIs.GETAPIRequestWithBDD" name="getUserAPITest" time="0.0">
    <ignored/>
  </testcase> <!-- getUserAPITest -->
  <testcase classname="GETAPIs.GETAPIRequestWithBDD" name="getProductsTest" time="0.0">
    <ignored/>
  </testcase> <!-- getProductsTest -->
</testsuite> <!-- Default test -->
