<?xml version="1.0" encoding="UTF-8"?>
<testng-results ignored="3" total="4" passed="1" failed="0" skipped="0">
  <reporter-output>
  </reporter-output>
  <suite started-at="2024-02-03T07:18:46 IST" name="Default suite" finished-at="2024-02-03T07:18:49 IST" duration-ms="3619">
    <groups>
    </groups>
    <test started-at="2024-02-03T07:18:46 IST" name="Default test" finished-at="2024-02-03T07:18:49 IST" duration-ms="3619">
      <class name="GETAPIs.GETAPIRequestWithBDD">
        <test-method signature="getProductDataAPI_With_Extract_Body_withArray()[pri:0, instance:GETAPIs.GETAPIRequestWithBDD@fd07cbb]" started-at="2024-02-03T07:18:46 IST" name="getProductDataAPI_With_Extract_Body_withArray" finished-at="2024-02-03T07:18:49 IST" duration-ms="3568" status="PASS">
          <reporter-output>
          </reporter-output>
        </test-method> <!-- getProductDataAPI_With_Extract_Body_withArray -->
      </class> <!-- GETAPIs.GETAPIRequestWithBDD -->
    </test> <!-- Default test -->
  </suite> <!-- Default suite -->
</testng-results>
